<?xml version="1.0" encoding="UTF-8"?>
<!-- Generated by org.testng.reporters.JUnitReportReporter -->
<testsuite hostname="LAPTOP-51U0ISK4" failures="0" tests="1" name="ar.com.bna.digitaltest.testcases.PFTest" time="18.386" errors="0" timestamp="2025-07-09T18:28:37 ART" skipped="0">
  <testcase classname="ar.com.bna.digitaltest.testcases.PFTest" name="generatePF" time="18.386"/>
  <system-out/>
</testsuite> <!-- ar.com.bna.digitaltest.testcases.PFTest -->
