<?xml version="1.0" encoding="UTF-8"?>
<!-- Generated by org.testng.reporters.JUnitReportReporter -->
<testsuite hostname="H4877CC0001" failures="0" tests="3" name="ar.com.bna.digitaltest.testcases.DebinTest" time="66.329" errors="0" timestamp="2025-07-04T09:23:25 GMT-03:00" skipped="2">
  <testcase classname="ar.com.bna.digitaltest.testcases.DebinTest" name="generateDebinRecurrente" time="66.329"/>
  <system-out/>
  <testcase classname="ar.com.bna.digitaltest.testcases.DebinTest" name="verifyHeader">
    <skipped/>
  </testcase> <!-- verifyHeader -->
  <system-out/>
  <testcase classname="ar.com.bna.digitaltest.testcases.DebinTest" name="verifyTitle">
    <skipped/>
  </testcase> <!-- verifyTitle -->
  <system-out/>
</testsuite> <!-- ar.com.bna.digitaltest.testcases.DebinTest -->
