<?xml version="1.0" encoding="UTF-8"?>
<!-- Generated by org.testng.reporters.JUnitReportReporter -->
<testsuite hostname="H4877CC0001" failures="0" tests="1" name="ar.com.bna.digitaltest.testcases.RecuperarUsuarioTest" time="25.537" errors="0" timestamp="2025-06-06T12:45:34 GMT-03:00" skipped="0">
  <testcase classname="ar.com.bna.digitaltest.testcases.RecuperarUsuarioTest" name="enterNonexistentCuitCuil" time="25.537"/>
  <system-out/>
</testsuite> <!-- ar.com.bna.digitaltest.testcases.RecuperarUsuarioTest -->
