<?xml version="1.0" encoding="UTF-8"?>
<!-- Generated by org.testng.reporters.JUnitReportReporter -->
<<<<<<< HEAD
<testsuite hostname="H4877CC0001" failures="0" tests="1" name="ar.com.bna.digitaltest.testcases.NuevoPagoTest" time="39.621" errors="0" timestamp="2025-02-12T16:32:52 GMT-03:00" skipped="0">
  <testcase classname="ar.com.bna.digitaltest.testcases.NuevoPagoTest" name="enterNoDataAndSubmmit" time="39.621"/>
=======
<testsuite hostname="H4877CC0001" failures="0" tests="1" name="ar.com.bna.digitaltest.testcases.NuevoPagoTest" time="38.042" errors="0" timestamp="2025-07-11T17:05:59 GMT-03:00" skipped="0">
  <testcase classname="ar.com.bna.digitaltest.testcases.NuevoPagoTest" name="enterNoDataAndSubmmit" time="38.042"/>
>>>>>>> 3ec3847 (segundo commit)
  <system-out/>
</testsuite> <!-- ar.com.bna.digitaltest.testcases.NuevoPagoTest -->
