<?xml version="1.0" encoding="UTF-8"?>
<!-- Generated by org.testng.reporters.JUnitReportReporter -->
<testsuite hostname="H4877CC0001" failures="0" tests="9" name="ar.com.bna.digitaltest.testcases.DebinTest" time="333.022" errors="0" timestamp="2025-09-01T16:21:49 GMT-03:00" skipped="2">
  <testcase classname="ar.com.bna.digitaltest.testcases.DebinTest" name="generateDebin" time="55.917"/>
  <system-out/>
  <testcase classname="ar.com.bna.digitaltest.testcases.DebinTest" name="generateDebin" time="41.585"/>
  <system-out/>
  <testcase classname="ar.com.bna.digitaltest.testcases.DebinTest" name="generateDebin" time="53.872"/>
  <system-out/>
  <testcase classname="ar.com.bna.digitaltest.testcases.DebinTest" name="generateDebin" time="43.453"/>
  <system-out/>
  <testcase classname="ar.com.bna.digitaltest.testcases.DebinTest" name="generateDebin" time="42.606"/>
  <system-out/>
  <testcase classname="ar.com.bna.digitaltest.testcases.DebinTest" name="generateDebin" time="53.712"/>
  <system-out/>
  <testcase classname="ar.com.bna.digitaltest.testcases.DebinTest" name="generateDebin" time="41.877"/>
  <system-out/>
  <testcase classname="ar.com.bna.digitaltest.testcases.DebinTest" name="verifyHeader">
    <skipped/>
  </testcase> <!-- verifyHeader -->
  <system-out/>
  <testcase classname="ar.com.bna.digitaltest.testcases.DebinTest" name="verifyTitle">
    <skipped/>
  </testcase> <!-- verifyTitle -->
  <system-out/>
</testsuite> <!-- ar.com.bna.digitaltest.testcases.DebinTest -->
