<?xml version="1.0" encoding="UTF-8"?>
<!-- Generated by org.testng.reporters.JUnitReportReporter -->
<testsuite hostname="H0896CC0001" failures="0" tests="1" name="ar.com.bna.digitaltest.testcases.TransferenciaTest" time="55.400" errors="0" timestamp="2025-09-02T10:17:50 GMT-03:00" skipped="0">
  <testcase classname="ar.com.bna.digitaltest.testcases.TransferenciaTest" name="TransferTo3ros" time="55.400"/>
</testsuite> <!-- ar.com.bna.digitaltest.testcases.TransferenciaTest -->
