<?xml version="1.0" encoding="UTF-8"?>
<!-- Generated by org.testng.reporters.JUnitReportReporter -->
<testsuite hostname="LAPTOP-51U0ISK4" failures="0" tests="1" name="ar.com.bna.digitaltest.testcases.Login1Test" time="4.947" errors="0" timestamp="2025-03-08T14:53:44 ART" skipped="0">
  <testcase classname="ar.com.bna.digitaltest.testcases.Login1Test" name="verifyHeader" time="4.947"/>
  <system-out/>
</testsuite> <!-- ar.com.bna.digitaltest.testcases.Login1Test -->
