<?xml version="1.0" encoding="UTF-8"?>
<!-- Generated by org.testng.reporters.JUnitReportReporter -->
<testsuite hostname="H4877CC0001" failures="0" tests="1" name="ar.com.bna.digitaltest.testcases.TransferenciaTest" time="42.105" errors="0" timestamp="2025-08-26T11:49:29 GMT-03:00" skipped="0">
  <testcase classname="ar.com.bna.digitaltest.testcases.TransferenciaTest" name="verifyHeader" time="42.105"/>
  <system-out/>
</testsuite> <!-- ar.com.bna.digitaltest.testcases.TransferenciaTest -->
