<?xml version="1.0" encoding="UTF-8"?>
<!-- Generated by org.testng.reporters.JUnitReportReporter -->
<testsuite hostname="H4877CC0001" failures="0" tests="1" name="ar.com.bna.digitaltest.testcases.PFTest" time="54.231" errors="0" timestamp="2025-08-15T19:08:18 GMT-03:00" skipped="0">
  <testcase classname="ar.com.bna.digitaltest.testcases.PFTest" name="generatePF" time="54.231"/>
  <system-out/>
</testsuite> <!-- ar.com.bna.digitaltest.testcases.PFTest -->
