<?xml version="1.0" encoding="UTF-8"?>
<!-- Generated by org.testng.reporters.JUnitReportReporter -->
<<<<<<< HEAD
<testsuite hostname="LAPTOP-51U0ISK4" failures="0" tests="1" name="ar.com.bna.digitaltest.testcases.Login1Test" time="4.947" errors="0" timestamp="2025-03-08T14:53:44 ART" skipped="0">
  <testcase classname="ar.com.bna.digitaltest.testcases.Login1Test" name="verifyHeader" time="4.947"/>
=======
<testsuite hostname="H4877CC0001" failures="0" tests="3" name="ar.com.bna.digitaltest.testcases.Login1Test" time="64.105" errors="0" timestamp="2025-07-11T12:46:38 GMT-03:00" skipped="0">
  <testcase classname="ar.com.bna.digitaltest.testcases.Login1Test" name="verifyTitle" time="21.005"/>
  <system-out/>
  <testcase classname="ar.com.bna.digitaltest.testcases.Login1Test" name="verifyHeader" time="21.235"/>
  <system-out/>
  <testcase classname="ar.com.bna.digitaltest.testcases.Login1Test" name="enterUsernameAndVerifyAvatarImage" time="21.865"/>
>>>>>>> 3ec3847 (segundo commit)
  <system-out/>
</testsuite> <!-- ar.com.bna.digitaltest.testcases.Login1Test -->
