<?xml version="1.0" encoding="UTF-8"?>
<!-- Generated by org.testng.reporters.JUnitReportReporter -->
<testsuite hostname="H4877CC0001" failures="0" tests="7" name="ar.com.bna.digitaltest.testcases.DebinTest" time="49.675" errors="1" timestamp="2025-08-16T15:25:14 GMT-03:00" skipped="6">
  <testcase classname="ar.com.bna.digitaltest.testcases.DebinTest" name="loginAndGoToNuevoPagoPage" time="49.675">
    <error message="Cannot invoke &quot;org.openqa.selenium.WebElement.sendKeys(java.lang.CharSequence[])&quot; because the return value of &quot;ar.com.bna.digitaltest.pages.BasePage.waitUntilElementIsPresent(org.openqa.selenium.By)&quot; is null" type="java.lang.NullPointerException">
      <![CDATA[java.lang.NullPointerException: Cannot invoke "org.openqa.selenium.WebElement.sendKeys(java.lang.CharSequence[])" because the return value of "ar.com.bna.digitaltest.pages.BasePage.waitUntilElementIsPresent(org.openqa.selenium.By)" is null
at ar.com.bna.digitaltest.pages.BasePage.sendKeys(BasePage.java:47)
at ar.com.bna.digitaltest.pages.LoginPage1.enterUsername(LoginPage1.java:23)
at ar.com.bna.digitaltest.testcases.DebinTest.loginAndGoToNuevoPagoPage(DebinTest.java:40)
at java.base/jdk.internal.reflect.DirectMethodHandleAccessor.invoke(DirectMethodHandleAccessor.java:103)
at java.base/java.lang.reflect.Method.invoke(Method.java:580)
at org.testng.internal.MethodInvocationHelper.invokeMethod(MethodInvocationHelper.java:133)
at org.testng.internal.MethodInvocationHelper.invokeMethodConsideringTimeout(MethodInvocationHelper.java:62)
at org.testng.internal.ConfigInvoker.invokeConfigurationMethod(ConfigInvoker.java:385)
at org.testng.internal.ConfigInvoker.invokeConfigurations(ConfigInvoker.java:321)
at org.testng.internal.TestInvoker.runConfigMethods(TestInvoker.java:700)
at org.testng.internal.TestInvoker.invokeMethod(TestInvoker.java:527)
at org.testng.internal.TestInvoker.invokeTestMethod(TestInvoker.java:173)
at org.testng.internal.MethodRunner.runInSequence(MethodRunner.java:46)
at org.testng.internal.TestInvoker$MethodInvocationAgent.invoke(TestInvoker.java:824)
at org.testng.internal.TestInvoker.invokeTestMethods(TestInvoker.java:146)
at org.testng.internal.TestMethodWorker.invokeTestMethods(TestMethodWorker.java:146)
at org.testng.internal.TestMethodWorker.run(TestMethodWorker.java:128)
at java.base/java.util.ArrayList.forEach(ArrayList.java:1597)
at org.testng.TestRunner.privateRun(TestRunner.java:794)
at org.testng.TestRunner.run(TestRunner.java:596)
at org.testng.SuiteRunner.runTest(SuiteRunner.java:377)
at org.testng.SuiteRunner.runSequentially(SuiteRunner.java:371)
at org.testng.SuiteRunner.privateRun(SuiteRunner.java:332)
at org.testng.SuiteRunner.run(SuiteRunner.java:276)
at org.testng.SuiteRunnerWorker.runSuite(SuiteRunnerWorker.java:53)
at org.testng.SuiteRunnerWorker.run(SuiteRunnerWorker.java:96)
at org.testng.TestNG.runSuitesSequentially(TestNG.java:1212)
at org.testng.TestNG.runSuitesLocally(TestNG.java:1134)
at org.testng.TestNG.runSuites(TestNG.java:1063)
at org.testng.TestNG.run(TestNG.java:1031)
at org.testng.remote.AbstractRemoteTestNG.run(AbstractRemoteTestNG.java:115)
at org.testng.remote.RemoteTestNG.initAndRun(RemoteTestNG.java:293)
at org.testng.remote.RemoteTestNG.main(RemoteTestNG.java:91)
]]>
    </error>
  </testcase> <!-- loginAndGoToNuevoPagoPage -->
  <system-out/>
  <testcase classname="ar.com.bna.digitaltest.testcases.DebinTest" name="generateDebin" time="0.000">
    <skipped/>
  </testcase> <!-- generateDebin -->
  <system-out/>
  <testcase classname="ar.com.bna.digitaltest.testcases.DebinTest" name="generateDebin" time="0.000">
    <skipped/>
  </testcase> <!-- generateDebin -->
  <system-out/>
  <testcase classname="ar.com.bna.digitaltest.testcases.DebinTest" name="generateDebinRecurrente" time="0.000">
    <skipped/>
  </testcase> <!-- generateDebinRecurrente -->
  <system-out/>
  <testcase classname="ar.com.bna.digitaltest.testcases.DebinTest" name="generateDebinRecurrente" time="0.000">
    <skipped/>
  </testcase> <!-- generateDebinRecurrente -->
  <system-out/>
  <testcase classname="ar.com.bna.digitaltest.testcases.DebinTest" name="verifyHeader">
    <skipped/>
  </testcase> <!-- verifyHeader -->
  <system-out/>
  <testcase classname="ar.com.bna.digitaltest.testcases.DebinTest" name="verifyTitle">
    <skipped/>
  </testcase> <!-- verifyTitle -->
  <system-out/>
</testsuite> <!-- ar.com.bna.digitaltest.testcases.DebinTest -->
