<?xml version="1.0" encoding="UTF-8"?>
<!-- Generated by org.testng.reporters.JUnitReportReporter -->
<testsuite hostname="H4877CC0001" failures="0" tests="5" name="ar.com.bna.digitaltest.testcases.ConfirmarPagoTest" time="74.774" errors="0" timestamp="2025-08-15T17:11:39 GMT-03:00" skipped="4">
  <testcase classname="ar.com.bna.digitaltest.testcases.ConfirmarPagoTest" name="submmitPayment" time="74.774"/>
  <system-out/>
  <testcase classname="ar.com.bna.digitaltest.testcases.ConfirmarPagoTest" name="enterNoDataAndSubmmit">
    <skipped/>
  </testcase> <!-- enterNoDataAndSubmmit -->
  <system-out/>
  <testcase classname="ar.com.bna.digitaltest.testcases.ConfirmarPagoTest" name="verifyTitle">
    <skipped/>
  </testcase> <!-- verifyTitle -->
  <system-out/>
  <testcase classname="ar.com.bna.digitaltest.testcases.ConfirmarPagoTest" name="verifyHeader">
    <skipped/>
  </testcase> <!-- verifyHeader -->
  <system-out/>
  <testcase classname="ar.com.bna.digitaltest.testcases.ConfirmarPagoTest" name="verifyData">
    <skipped/>
  </testcase> <!-- verifyData -->
  <system-out/>
</testsuite> <!-- ar.com.bna.digitaltest.testcases.ConfirmarPagoTest -->
