<?xml version="1.0" encoding="UTF-8"?>
<!-- Generated by org.testng.reporters.JUnitReportReporter -->
<testsuite hostname="H4877CC0001" failures="0" tests="4" name="ar.com.bna.digitaltest.testcases.Login2Test" time="249.441" errors="0" timestamp="2025-06-26T11:35:04 GMT-03:00" skipped="0">
  <testcase classname="ar.com.bna.digitaltest.testcases.Login2Test" name="enterValidCredentialsAndLogin" time="65.685"/>
  <system-out/>
  <testcase classname="ar.com.bna.digitaltest.testcases.Login2Test" name="enterValidCredentialsAndLogin" time="60.071"/>
  <system-out/>
  <testcase classname="ar.com.bna.digitaltest.testcases.Login2Test" name="enterValidCredentialsAndLogin" time="62.464"/>
  <system-out/>
  <testcase classname="ar.com.bna.digitaltest.testcases.Login2Test" name="enterValidCredentialsAndLogin" time="61.221"/>
  <system-out/>
</testsuite> <!-- ar.com.bna.digitaltest.testcases.Login2Test -->
