<?xml version="1.0" encoding="UTF-8"?>
<!-- Generated by org.testng.reporters.JUnitReportReporter -->
<testsuite hostname="H4877CC0001" failures="0" tests="1" name="ar.com.bna.digitaltest.testcases.PerflTest" time="49.143" errors="0" timestamp="2025-08-15T12:29:27 GMT-03:00" skipped="0">
  <testcase classname="ar.com.bna.digitaltest.testcases.PerflTest" name="changeAvatarImage" time="49.143"/>
  <system-out/>
</testsuite> <!-- ar.com.bna.digitaltest.testcases.PerflTest -->
