<?xml version="1.0" encoding="UTF-8"?>
<!-- Generated by org.testng.reporters.JUnitReportReporter -->
<testsuite hostname="LAPTOP-51U0ISK4" failures="0" tests="2" name="ar.com.bna.digitaltest.testcases.TransferenciaTest" time="19.899" errors="0" timestamp="2025-03-08T18:19:09 ART" skipped="0">
  <testcase classname="ar.com.bna.digitaltest.testcases.TransferenciaTest" name="verifyTitle" time="9.770"/>
  <system-out/>
  <testcase classname="ar.com.bna.digitaltest.testcases.TransferenciaTest" name="verifyHeader" time="10.129"/>
  <system-out/>
</testsuite> <!-- ar.com.bna.digitaltest.testcases.TransferenciaTest -->
