<?xml version="1.0" encoding="UTF-8"?>
<!-- Generated by org.testng.reporters.JUnitReportReporter -->
<testsuite hostname="LAPTOP-51U0ISK4" failures="0" tests="1" name="ar.com.bna.digitaltest.testcases.ConfirmarPagoTokenTest" time="21.912" errors="0" timestamp="2025-03-11T16:51:46 ART" skipped="0">
  <testcase classname="ar.com.bna.digitaltest.testcases.ConfirmarPagoTokenTest" name="enterTokenAndSubmmitWrongPayment" time="21.912"/>
  <system-out/>
</testsuite> <!-- ar.com.bna.digitaltest.testcases.ConfirmarPagoTokenTest -->
