<?xml version="1.0" encoding="UTF-8"?>
<!-- Generated by org.testng.reporters.JUnitReportReporter -->
<testsuite hostname="H0896CC0001" failures="0" tests="1" name="ar.com.bna.digitaltest.testcases.Login1Test" time="25.097" errors="0" timestamp="2025-08-26T10:07:22 GMT-03:00" skipped="0">
  <testcase classname="ar.com.bna.digitaltest.testcases.Login1Test" name="verifyTitle" time="25.097"/>
</testsuite> <!-- ar.com.bna.digitaltest.testcases.Login1Test -->
