<?xml version="1.0" encoding="UTF-8"?>
<!-- Generated by org.testng.reporters.JUnitReportReporter -->
<testsuite hostname="LAPTOP-51U0ISK4" failures="0" tests="2" name="ar.com.bna.digitaltest.testcases.TransferenciaTest" time="19.294" errors="0" timestamp="2025-03-08T18:18:25 ART" skipped="0">
  <testcase classname="ar.com.bna.digitaltest.testcases.TransferenciaTest" name="verifyTitle" time="9.983"/>
  <testcase classname="ar.com.bna.digitaltest.testcases.TransferenciaTest" name="verifyHeader" time="9.311"/>
</testsuite> <!-- ar.com.bna.digitaltest.testcases.TransferenciaTest -->
